2022-04-26 00:08:40.071  INFO 214 --- [main] lavalink.server.Launcher                 : 

[32m       .  [31m _                  _ _       _    [32m__ _ _
[32m      /\\ [31m| | __ ___   ____ _| (_)_ __ | | __[32m\ \ \ \
[32m     ( ( )[31m| |/ _` \ \ / / _` | | | '_ \| |/ /[32m \ \ \ \
[32m      \\/ [31m| | (_| |\ V / (_| | | | | | |   < [32m  ) ) ) )
[32m       '  [31m|_|\__,_| \_/ \__,_|_|_|_| |_|_|\_\[32m / / / /
[0m    =========================================[32m/_/_/_/[0m

	Version:        3.3.2.5
	Build:          1222
	Build time:     11.04.2021 08:07:27 UTC
	Branch          master
	Commit:         7b914f2
	Commit time:    09.04.2021 17:14:27 UTC
	JVM:            11.0.11
	Lavaplayer      1.3.76

2022-04-26 00:08:41.248  INFO 214 --- [main] lavalink.server.Launcher                 : Starting Launcher on f95c0a8f769d with PID 214 (/home/runner/experiment/Lavalink.jar started by runner in /home/runner/experiment)
2022-04-26 00:08:41.250  INFO 214 --- [main] lavalink.server.Launcher                 : No active profile set, falling back to default profiles: default
2022-04-26 00:08:42.136  WARN 214 --- [background-preinit] o.s.h.c.j.Jackson2ObjectMapperBuilder    : For Jackson Kotlin classes support please add "com.fasterxml.jackson.module:jackson-module-kotlin" to the classpath
2022-04-26 00:08:49.941  WARN 214 --- [main] io.undertow.websockets.jsr               : UT026010: Buffer pool was not set on WebSocketDeploymentInfo, the default pool will be used
2022-04-26 00:08:49.987  INFO 214 --- [main] io.undertow.servlet                      : Initializing Spring embedded WebApplicationContext
2022-04-26 00:08:49.988  INFO 214 --- [main] o.s.web.context.ContextLoader            : Root WebApplicationContext: initialization completed in 8056 ms
2022-04-26 00:08:51.832  WARN 214 --- [main] l.server.config.SentryConfiguration      : Turning off sentry
2022-04-26 00:08:54.433  INFO 214 --- [main] c.s.d.l.tools.GarbageCollectionMonitor   : GC monitoring enabled, reporting results every 2 minutes.
2022-04-26 00:08:55.562  INFO 214 --- [main] lavalink.server.config.KoeConfiguration  : OS: Linux, Arch: amd64
2022-04-26 00:08:55.564  INFO 214 --- [main] lavalink.server.config.KoeConfiguration  : Enabling JDA-NAS
2022-04-26 00:08:55.569  INFO 214 --- [main] c.s.l.c.natives.NativeLibraryLoader      : Native library udpqueue: loading with filter null
2022-04-26 00:08:55.578  INFO 214 --- [main] c.s.l.c.natives.NativeLibraryLoader      : Native library udpqueue: successfully loaded.
2022-04-26 01:08:32.622  INFO 216 --- [main] lavalink.server.Launcher                 : 

[32m       .  [31m _                  _ _       _    [32m__ _ _
[32m      /\\ [31m| | __ ___   ____ _| (_)_ __ | | __[32m\ \ \ \
[32m     ( ( )[31m| |/ _` \ \ / / _` | | | '_ \| |/ /[32m \ \ \ \
[32m      \\/ [31m| | (_| |\ V / (_| | | | | | |   < [32m  ) ) ) )
[32m       '  [31m|_|\__,_| \_/ \__,_|_|_|_| |_|_|\_\[32m / / / /
[0m    =========================================[32m/_/_/_/[0m

	Version:        3.3.2.5
	Build:          1222
	Build time:     11.04.2021 08:07:27 UTC
	Branch          master
	Commit:         7b914f2
	Commit time:    09.04.2021 17:14:27 UTC
	JVM:            11.0.11
	Lavaplayer      1.3.76

2022-04-26 01:08:33.628  INFO 216 --- [main] lavalink.server.Launcher                 : Starting Launcher on 07aac8dab336 with PID 216 (/home/runner/experiment/Lavalink.jar started by runner in /home/runner/experiment)
2022-04-26 01:08:33.699  INFO 216 --- [main] lavalink.server.Launcher                 : No active profile set, falling back to default profiles: default
2022-04-26 01:08:34.700  WARN 216 --- [background-preinit] o.s.h.c.j.Jackson2ObjectMapperBuilder    : For Jackson Kotlin classes support please add "com.fasterxml.jackson.module:jackson-module-kotlin" to the classpath
2022-04-26 06:53:44.741  INFO 214 --- [main] lavalink.server.Launcher                 : 

[32m       .  [31m _                  _ _       _    [32m__ _ _
[32m      /\\ [31m| | __ ___   ____ _| (_)_ __ | | __[32m\ \ \ \
[32m     ( ( )[31m| |/ _` \ \ / / _` | | | '_ \| |/ /[32m \ \ \ \
[32m      \\/ [31m| | (_| |\ V / (_| | | | | | |   < [32m  ) ) ) )
[32m       '  [31m|_|\__,_| \_/ \__,_|_|_|_| |_|_|\_\[32m / / / /
[0m    =========================================[32m/_/_/_/[0m

	Version:        3.3.2.5
	Build:          1222
	Build time:     11.04.2021 08:07:27 UTC
	Branch          master
	Commit:         7b914f2
	Commit time:    09.04.2021 17:14:27 UTC
	JVM:            11.0.11
	Lavaplayer      1.3.76

2022-04-26 06:53:45.783  INFO 214 --- [main] lavalink.server.Launcher                 : Starting Launcher on bdad393aa223 with PID 214 (/home/runner/experiment/Lavalink.jar started by runner in /home/runner/experiment)
2022-04-26 06:53:45.788  INFO 214 --- [main] lavalink.server.Launcher                 : No active profile set, falling back to default profiles: default
2022-04-26 06:53:46.366  WARN 214 --- [background-preinit] o.s.h.c.j.Jackson2ObjectMapperBuilder    : For Jackson Kotlin classes support please add "com.fasterxml.jackson.module:jackson-module-kotlin" to the classpath
2022-04-26 07:38:29.209  INFO 214 --- [main] lavalink.server.Launcher                 : 

[32m       .  [31m _                  _ _       _    [32m__ _ _
[32m      /\\ [31m| | __ ___   ____ _| (_)_ __ | | __[32m\ \ \ \
[32m     ( ( )[31m| |/ _` \ \ / / _` | | | '_ \| |/ /[32m \ \ \ \
[32m      \\/ [31m| | (_| |\ V / (_| | | | | | |   < [32m  ) ) ) )
[32m       '  [31m|_|\__,_| \_/ \__,_|_|_|_| |_|_|\_\[32m / / / /
[0m    =========================================[32m/_/_/_/[0m

	Version:        3.3.2.5
	Build:          1222
	Build time:     11.04.2021 08:07:27 UTC
	Branch          master
	Commit:         7b914f2
	Commit time:    09.04.2021 17:14:27 UTC
	JVM:            11.0.11
	Lavaplayer      1.3.76

2022-04-26 07:38:30.165  INFO 214 --- [main] lavalink.server.Launcher                 : Starting Launcher on 9b1c0da4124d with PID 214 (/home/runner/experiment/Lavalink.jar started by runner in /home/runner/experiment)
2022-04-26 07:38:30.168  INFO 214 --- [main] lavalink.server.Launcher                 : No active profile set, falling back to default profiles: default
2022-04-26 07:38:31.000  WARN 214 --- [background-preinit] o.s.h.c.j.Jackson2ObjectMapperBuilder    : For Jackson Kotlin classes support please add "com.fasterxml.jackson.module:jackson-module-kotlin" to the classpath
2022-04-26 07:38:38.200  WARN 214 --- [main] io.undertow.websockets.jsr               : UT026010: Buffer pool was not set on WebSocketDeploymentInfo, the default pool will be used
2022-04-26 07:38:38.314  INFO 214 --- [main] io.undertow.servlet                      : Initializing Spring embedded WebApplicationContext
2022-04-26 07:38:38.314  INFO 214 --- [main] o.s.web.context.ContextLoader            : Root WebApplicationContext: initialization completed in 7694 ms
2022-04-26 07:38:40.085  WARN 214 --- [main] l.server.config.SentryConfiguration      : Turning off sentry
